c:\users\damon\source\repos\planner_prelim\planner_prelim\debug\planner_prelim.pch
c:\users\damon\source\repos\planner_prelim\planner_prelim\debug\vc141.pdb
c:\users\damon\source\repos\planner_prelim\planner_prelim\debug\vc141.idb
c:\users\damon\source\repos\planner_prelim\planner_prelim\debug\stdafx.obj
c:\users\damon\source\repos\planner_prelim\planner_prelim\debug\dialogaddevent.obj
c:\users\damon\source\repos\planner_prelim\planner_prelim\debug\llnode.obj
c:\users\damon\source\repos\planner_prelim\planner_prelim\debug\llnode_event.obj
c:\users\damon\source\repos\planner_prelim\planner_prelim\debug\llnode_year.obj
c:\users\damon\source\repos\planner_prelim\planner_prelim\debug\mainfrm.obj
c:\users\damon\source\repos\planner_prelim\planner_prelim\debug\month.obj
c:\users\damon\source\repos\planner_prelim\planner_prelim\debug\newplndialog.obj
c:\users\damon\source\repos\planner_prelim\planner_prelim\debug\planner.obj
c:\users\damon\source\repos\planner_prelim\planner_prelim\debug\plannerdoc.obj
c:\users\damon\source\repos\planner_prelim\planner_prelim\debug\plannerevent.obj
c:\users\damon\source\repos\planner_prelim\planner_prelim\debug\plannerobject.obj
c:\users\damon\source\repos\planner_prelim\planner_prelim\debug\plannerview.obj
c:\users\damon\source\repos\planner_prelim\planner_prelim\debug\plannerviewmonthly.obj
c:\users\damon\source\repos\planner_prelim\planner_prelim\debug\planner_prelim.obj
c:\users\damon\source\repos\planner_prelim\planner_prelim\debug\row.obj
c:\users\damon\source\repos\planner_prelim\planner_prelim\debug\viewbase.obj
c:\users\damon\source\repos\planner_prelim\planner_prelim\debug\viewdaily.obj
c:\users\damon\source\repos\planner_prelim\planner_prelim\debug\viewmonthly.obj
c:\users\damon\source\repos\planner_prelim\planner_prelim\debug\viewweekly.obj
c:\users\damon\source\repos\planner_prelim\planner_prelim\debug\year.obj
c:\users\damon\source\repos\planner_prelim\planner_prelim\debug\day.obj
c:\users\damon\source\repos\planner_prelim\planner_prelim\debug\planner_prelim.res
c:\users\damon\source\repos\planner_prelim\debug\planner_prelim.pdb
c:\users\damon\source\repos\planner_prelim\debug\planner_prelim.exe
c:\users\damon\source\repos\planner_prelim\debug\planner_prelim.ilk
c:\users\damon\source\repos\planner_prelim\planner_prelim\debug\planner_prelim.tlog\cl.command.1.tlog
c:\users\damon\source\repos\planner_prelim\planner_prelim\debug\planner_prelim.tlog\cl.read.1.tlog
c:\users\damon\source\repos\planner_prelim\planner_prelim\debug\planner_prelim.tlog\cl.write.1.tlog
c:\users\damon\source\repos\planner_prelim\planner_prelim\debug\planner_prelim.tlog\link.command.1.tlog
c:\users\damon\source\repos\planner_prelim\planner_prelim\debug\planner_prelim.tlog\link.read.1.tlog
c:\users\damon\source\repos\planner_prelim\planner_prelim\debug\planner_prelim.tlog\link.write.1.tlog
c:\users\damon\source\repos\planner_prelim\planner_prelim\debug\planner_prelim.tlog\rc.command.1.tlog
c:\users\damon\source\repos\planner_prelim\planner_prelim\debug\planner_prelim.tlog\rc.read.1.tlog
c:\users\damon\source\repos\planner_prelim\planner_prelim\debug\planner_prelim.tlog\rc.write.1.tlog
